# JRE version: Java(TM) SE Runtime Environment (8.0_31-b13) (build 1.8.0_31-b13)
# Java VM: Java HotSpot(TM) 64-Bit Server VM (25.31-b07 mixed mode windows-amd64 compressed oops)
Heap:
 PSYoungGen      total 541696K, used 230345K [0x00000000d6e00000, 0x0000000100000000, 0x0000000100000000)
  eden space 519168K, 44% used [0x00000000d6e00000,0x00000000e4e00ab8,0x00000000f6900000)
  from space 22528K, 4% used [0x00000000f6900000,0x00000000f69f1b30,0x00000000f7f00000)
  to   space 35328K, 0% used [0x00000000fdd80000,0x00000000fdd80000,0x0000000100000000)
 ParOldGen       total 129536K, used 66034K [0x0000000084a00000, 0x000000008c880000, 0x00000000d6e00000)
  object space 129536K, 50% used [0x0000000084a00000,0x0000000088a7cba8,0x000000008c880000)
 Metaspace       used 56289K, capacity 57080K, committed 57472K, reserved 1099776K
  class space    used 6831K, capacity 7008K, committed 7040K, reserved 1048576K
GC Heap History (10 events):
Event: 173.497 GC heap before
{Heap before GC invocations=12 (full 2):
 PSYoungGen      total 244224K, used 232448K [0x00000000d6e00000, 0x00000000ee580000, 0x0000000100000000)
  eden space 232448K, 100% used [0x00000000d6e00000,0x00000000e5100000,0x00000000e5100000)
  from space 11776K, 0% used [0x00000000e5100000,0x00000000e5100000,0x00000000e5c80000)
  to   space 12800K, 0% used [0x00000000ed900000,0x00000000ed900000,0x00000000ee580000)
 ParOldGen       total 66048K, used 19508K [0x0000000084a00000, 0x0000000088a80000, 0x00000000d6e00000)
  object space 66048K, 29% used [0x0000000084a00000,0x0000000085d0d248,0x0000000088a80000)
 Metaspace       used 39511K, capacity 39946K, committed 40320K, reserved 1085440K
  class space    used 4845K, capacity 4928K, committed 4992K, reserved 1048576K
Event: 178.334 GC heap after
Heap after GC invocations=12 (full 2):
 PSYoungGen      total 361984K, used 12799K [0x00000000d6e00000, 0x00000000ee580000, 0x0000000100000000)
  eden space 349184K, 0% used [0x00000000d6e00000,0x00000000d6e00000,0x00000000ec300000)
  from space 12800K, 99% used [0x00000000ed900000,0x00000000ee57ff28,0x00000000ee580000)
  to   space 15360K, 0% used [0x00000000ec780000,0x00000000ec780000,0x00000000ed680000)
 ParOldGen       total 66048K, used 23203K [0x0000000084a00000, 0x0000000088a80000, 0x00000000d6e00000)
  object space 66048K, 35% used [0x0000000084a00000,0x00000000860a8fd8,0x0000000088a80000)
 Metaspace       used 39511K, capacity 39946K, committed 40320K, reserved 1085440K
  class space    used 4845K, capacity 4928K, committed 4992K, reserved 1048576K
}
Event: 222.623 GC heap before
{Heap before GC invocations=13 (full 2):
 PSYoungGen      total 361984K, used 361983K [0x00000000d6e00000, 0x00000000ee580000, 0x0000000100000000)
  eden space 349184K, 100% used [0x00000000d6e00000,0x00000000ec300000,0x00000000ec300000)
  from space 12800K, 99% used [0x00000000ed900000,0x00000000ee57ff28,0x00000000ee580000)
  to   space 15360K, 0% used [0x00000000ec780000,0x00000000ec780000,0x00000000ed680000)
 ParOldGen       total 66048K, used 23203K [0x0000000084a00000, 0x0000000088a80000, 0x00000000d6e00000)
  object space 66048K, 35% used [0x0000000084a00000,0x00000000860a8fd8,0x0000000088a80000)
 Metaspace       used 41578K, capacity 42144K, committed 42368K, reserved 1087488K
  class space    used 5090K, capacity 5193K, committed 5248K, reserved 1048576K
Event: 227.140 GC heap after
Heap after GC invocations=13 (full 2):
 PSYoungGen      total 369152K, used 14021K [0x00000000d6e00000, 0x00000000f8f80000, 0x0000000100000000)
  eden space 353792K, 0% used [0x00000000d6e00000,0x00000000d6e00000,0x00000000ec780000)
  from space 15360K, 91% used [0x00000000ec780000,0x00000000ed5316a0,0x00000000ed680000)
  to   space 16896K, 0% used [0x00000000f7f00000,0x00000000f7f00000,0x00000000f8f80000)
 ParOldGen       total 66048K, used 26234K [0x0000000084a00000, 0x0000000088a80000, 0x00000000d6e00000)
  object space 66048K, 39% used [0x0000000084a00000,0x000000008639ebf8,0x0000000088a80000)
 Metaspace       used 41578K, capacity 42144K, committed 42368K, reserved 1087488K
  class space    used 5090K, capacity 5193K, committed 5248K, reserved 1048576K
}
Event: 286.878 GC heap before
{Heap before GC invocations=14 (full 2):
 PSYoungGen      total 369152K, used 367813K [0x00000000d6e00000, 0x00000000f8f80000, 0x0000000100000000)
  eden space 353792K, 100% used [0x00000000d6e00000,0x00000000ec780000,0x00000000ec780000)
  from space 15360K, 91% used [0x00000000ec780000,0x00000000ed5316a0,0x00000000ed680000)
  to   space 16896K, 0% used [0x00000000f7f00000,0x00000000f7f00000,0x00000000f8f80000)
 ParOldGen       total 66048K, used 26234K [0x0000000084a00000, 0x0000000088a80000, 0x00000000d6e00000)
  object space 66048K, 39% used [0x0000000084a00000,0x000000008639ebf8,0x0000000088a80000)
 Metaspace       used 44027K, capacity 44646K, committed 44928K, reserved 1089536K
  class space    used 5399K, capacity 5498K, committed 5504K, reserved 1048576K
Event: 287.972 GC heap after
Heap after GC invocations=14 (full 2):
 PSYoungGen      total 536064K, used 16887K [0x00000000d6e00000, 0x00000000f9a80000, 0x0000000100000000)
  eden space 519168K, 0% used [0x00000000d6e00000,0x00000000d6e00000,0x00000000f6900000)
  from space 16896K, 99% used [0x00000000f7f00000,0x00000000f8f7dfe0,0x00000000f8f80000)
  to   space 22528K, 0% used [0x00000000f6900000,0x00000000f6900000,0x00000000f7f00000)
 ParOldGen       total 66048K, used 35848K [0x0000000084a00000, 0x0000000088a80000, 0x00000000d6e00000)
  object space 66048K, 54% used [0x0000000084a00000,0x0000000086d02210,0x0000000088a80000)
 Metaspace       used 44027K, capacity 44646K, committed 44928K, reserved 1089536K
  class space    used 5399K, capacity 5498K, committed 5504K, reserved 1048576K
}
Event: 310.733 GC heap before
{Heap before GC invocations=15 (full 2):
 PSYoungGen      total 536064K, used 536055K [0x00000000d6e00000, 0x00000000f9a80000, 0x0000000100000000)
  eden space 519168K, 100% used [0x00000000d6e00000,0x00000000f6900000,0x00000000f6900000)
  from space 16896K, 99% used [0x00000000f7f00000,0x00000000f8f7dfe0,0x00000000f8f80000)
  to   space 22528K, 0% used [0x00000000f6900000,0x00000000f6900000,0x00000000f7f00000)
 ParOldGen       total 66048K, used 35848K [0x0000000084a00000, 0x0000000088a80000, 0x00000000d6e00000)
  object space 66048K, 54% used [0x0000000084a00000,0x0000000086d02210,0x0000000088a80000)
 Metaspace       used 51007K, capacity 51706K, committed 52096K, reserved 1095680K
  class space    used 6360K, capacity 6511K, committed 6528K, reserved 1048576K
Event: 310.922 GC heap after
Heap after GC invocations=15 (full 2):
 PSYoungGen      total 541696K, used 22505K [0x00000000d6e00000, 0x0000000100000000, 0x0000000100000000)
  eden space 519168K, 0% used [0x00000000d6e00000,0x00000000d6e00000,0x00000000f6900000)
  from space 22528K, 99% used [0x00000000f6900000,0x00000000f7efa6d8,0x00000000f7f00000)
  to   space 35328K, 0% used [0x00000000fdd80000,0x00000000fdd80000,0x0000000100000000)
 ParOldGen       total 66048K, used 60991K [0x0000000084a00000, 0x0000000088a80000, 0x00000000d6e00000)
  object space 66048K, 92% used [0x0000000084a00000,0x000000008858fda0,0x0000000088a80000)
 Metaspace       used 51007K, capacity 51706K, committed 52096K, reserved 1095680K
  class space    used 6360K, capacity 6511K, committed 6528K, reserved 1048576K
}
Event: 310.922 GC heap before
{Heap before GC invocations=16 (full 3):
 PSYoungGen      total 541696K, used 22505K [0x00000000d6e00000, 0x0000000100000000, 0x0000000100000000)
  eden space 519168K, 0% used [0x00000000d6e00000,0x00000000d6e00000,0x00000000f6900000)
  from space 22528K, 99% used [0x00000000f6900000,0x00000000f7efa6d8,0x00000000f7f00000)
  to   space 35328K, 0% used [0x00000000fdd80000,0x00000000fdd80000,0x0000000100000000)
 ParOldGen       total 66048K, used 60991K [0x0000000084a00000, 0x0000000088a80000, 0x00000000d6e00000)
  object space 66048K, 92% used [0x0000000084a00000,0x000000008858fda0,0x0000000088a80000)
 Metaspace       used 51007K, capacity 51706K, committed 52096K, reserved 1095680K
  class space    used 6360K, capacity 6511K, committed 6528K, reserved 1048576K
Event: 312.885 GC heap after
Heap after GC invocations=16 (full 3):
 PSYoungGen      total 541696K, used 966K [0x00000000d6e00000, 0x0000000100000000, 0x0000000100000000)
  eden space 519168K, 0% used [0x00000000d6e00000,0x00000000d6e00000,0x00000000f6900000)
  from space 22528K, 4% used [0x00000000f6900000,0x00000000f69f1b30,0x00000000f7f00000)
  to   space 35328K, 0% used [0x00000000fdd80000,0x00000000fdd80000,0x0000000100000000)
 ParOldGen       total 129536K, used 66034K [0x0000000084a00000, 0x000000008c880000, 0x00000000d6e00000)
  object space 129536K, 50% used [0x0000000084a00000,0x0000000088a7cba8,0x000000008c880000)
 Metaspace       used 51007K, capacity 51706K, committed 52096K, reserved 1095680K
  class space    used 6360K, capacity 6511K, committed 6528K, reserved 1048576K
}

