# JRE version: Java(TM) SE Runtime Environment (8.0_31-b13) (build 1.8.0_31-b13)
# Java VM: Java HotSpot(TM) 64-Bit Server VM (25.31-b07 mixed mode windows-amd64 compressed oops)
Heap:
 PSYoungGen      total 554496K, used 112615K [0x00000000d6e00000, 0x0000000100000000, 0x0000000100000000)
  eden space 520192K, 21% used [0x00000000d6e00000,0x00000000ddbf9f20,0x00000000f6a00000)
  from space 34304K, 0% used [0x00000000f6a00000,0x00000000f6a00000,0x00000000f8b80000)
  to   space 38400K, 0% used [0x00000000fda80000,0x00000000fda80000,0x0000000100000000)
 ParOldGen       total 126464K, used 51807K [0x0000000084a00000, 0x000000008c580000, 0x00000000d6e00000)
  object space 126464K, 40% used [0x0000000084a00000,0x0000000087c97c10,0x000000008c580000)
 Metaspace       used 61968K, capacity 62756K, committed 62936K, reserved 1103872K
  class space    used 7443K, capacity 7614K, committed 7640K, reserved 1048576K
GC Heap History (10 events):
Event: 87.639 GC heap before
{Heap before GC invocations=10 (full 2):
 PSYoungGen      total 241152K, used 229376K [0x00000000d6e00000, 0x00000000f1480000, 0x0000000100000000)
  eden space 229376K, 100% used [0x00000000d6e00000,0x00000000e4e00000,0x00000000e4e00000)
  from space 11776K, 0% used [0x00000000e4e00000,0x00000000e4e00000,0x00000000e5980000)
  to   space 14336K, 0% used [0x00000000f0680000,0x00000000f0680000,0x00000000f1480000)
 ParOldGen       total 74240K, used 21077K [0x0000000084a00000, 0x0000000089280000, 0x00000000d6e00000)
  object space 74240K, 28% used [0x0000000084a00000,0x0000000085e95758,0x0000000089280000)
 Metaspace       used 39300K, capacity 39694K, committed 40064K, reserved 1085440K
  class space    used 4813K, capacity 4882K, committed 4992K, reserved 1048576K
Event: 87.932 GC heap after
Heap after GC invocations=10 (full 2):
 PSYoungGen      total 398336K, used 13736K [0x00000000d6e00000, 0x00000000f1400000, 0x0000000100000000)
  eden space 384512K, 0% used [0x00000000d6e00000,0x00000000d6e00000,0x00000000ee580000)
  from space 13824K, 99% used [0x00000000f0680000,0x00000000f13ea2c0,0x00000000f1400000)
  to   space 15872K, 0% used [0x00000000ef500000,0x00000000ef500000,0x00000000f0480000)
 ParOldGen       total 74240K, used 21077K [0x0000000084a00000, 0x0000000089280000, 0x00000000d6e00000)
  object space 74240K, 28% used [0x0000000084a00000,0x0000000085e95758,0x0000000089280000)
 Metaspace       used 39300K, capacity 39694K, committed 40064K, reserved 1085440K
  class space    used 4813K, capacity 4882K, committed 4992K, reserved 1048576K
}
Event: 98.495 GC heap before
{Heap before GC invocations=11 (full 2):
 PSYoungGen      total 398336K, used 398248K [0x00000000d6e00000, 0x00000000f1400000, 0x0000000100000000)
  eden space 384512K, 100% used [0x00000000d6e00000,0x00000000ee580000,0x00000000ee580000)
  from space 13824K, 99% used [0x00000000f0680000,0x00000000f13ea2c0,0x00000000f1400000)
  to   space 15872K, 0% used [0x00000000ef500000,0x00000000ef500000,0x00000000f0480000)
 ParOldGen       total 74240K, used 21077K [0x0000000084a00000, 0x0000000089280000, 0x00000000d6e00000)
  object space 74240K, 28% used [0x0000000084a00000,0x0000000085e95758,0x0000000089280000)
 Metaspace       used 41025K, capacity 41368K, committed 41728K, reserved 1085440K
  class space    used 5027K, capacity 5113K, committed 5120K, reserved 1048576K
Event: 98.834 GC heap after
Heap after GC invocations=11 (full 2):
 PSYoungGen      total 416256K, used 15870K [0x00000000d6e00000, 0x00000000fa280000, 0x0000000100000000)
  eden space 400384K, 0% used [0x00000000d6e00000,0x00000000d6e00000,0x00000000ef500000)
  from space 15872K, 99% used [0x00000000ef500000,0x00000000f047fbc0,0x00000000f0480000)
  to   space 23552K, 0% used [0x00000000f8b80000,0x00000000f8b80000,0x00000000fa280000)
 ParOldGen       total 74240K, used 34793K [0x0000000084a00000, 0x0000000089280000, 0x00000000d6e00000)
  object space 74240K, 46% used [0x0000000084a00000,0x0000000086bfa718,0x0000000089280000)
 Metaspace       used 41025K, capacity 41368K, committed 41728K, reserved 1085440K
  class space    used 5027K, capacity 5113K, committed 5120K, reserved 1048576K
}
Event: 108.832 GC heap before
{Heap before GC invocations=12 (full 2):
 PSYoungGen      total 416256K, used 416254K [0x00000000d6e00000, 0x00000000fa280000, 0x0000000100000000)
  eden space 400384K, 100% used [0x00000000d6e00000,0x00000000ef500000,0x00000000ef500000)
  from space 15872K, 99% used [0x00000000ef500000,0x00000000f047fbc0,0x00000000f0480000)
  to   space 23552K, 0% used [0x00000000f8b80000,0x00000000f8b80000,0x00000000fa280000)
 ParOldGen       total 74240K, used 34793K [0x0000000084a00000, 0x0000000089280000, 0x00000000d6e00000)
  object space 74240K, 46% used [0x0000000084a00000,0x0000000086bfa718,0x0000000089280000)
 Metaspace       used 44086K, capacity 44562K, committed 45056K, reserved 1089536K
  class space    used 5450K, capacity 5544K, committed 5632K, reserved 1048576K
Event: 108.985 GC heap after
Heap after GC invocations=12 (full 2):
 PSYoungGen      total 543744K, used 23529K [0x00000000d6e00000, 0x00000000fc080000, 0x0000000100000000)
  eden space 520192K, 0% used [0x00000000d6e00000,0x00000000d6e00000,0x00000000f6a00000)
  from space 23552K, 99% used [0x00000000f8b80000,0x00000000fa27a400,0x00000000fa280000)
  to   space 34304K, 0% used [0x00000000f6a00000,0x00000000f6a00000,0x00000000f8b80000)
 ParOldGen       total 74240K, used 54496K [0x0000000084a00000, 0x0000000089280000, 0x00000000d6e00000)
  object space 74240K, 73% used [0x0000000084a00000,0x0000000087f38108,0x0000000089280000)
 Metaspace       used 44086K, capacity 44562K, committed 45056K, reserved 1089536K
  class space    used 5450K, capacity 5544K, committed 5632K, reserved 1048576K
}
Event: 1136.849 GC heap before
{Heap before GC invocations=13 (full 2):
 PSYoungGen      total 543744K, used 504374K [0x00000000d6e00000, 0x00000000fc080000, 0x0000000100000000)
  eden space 520192K, 92% used [0x00000000d6e00000,0x00000000f4393678,0x00000000f6a00000)
  from space 23552K, 99% used [0x00000000f8b80000,0x00000000fa27a400,0x00000000fa280000)
  to   space 34304K, 0% used [0x00000000f6a00000,0x00000000f6a00000,0x00000000f8b80000)
 ParOldGen       total 74240K, used 54496K [0x0000000084a00000, 0x0000000089280000, 0x00000000d6e00000)
  object space 74240K, 73% used [0x0000000084a00000,0x0000000087f38108,0x0000000089280000)
 Metaspace       used 58108K, capacity 58612K, committed 59096K, reserved 1101824K
  class space    used 7180K, capacity 7302K, committed 7384K, reserved 1048576K
Event: 1136.921 GC heap after
Heap after GC invocations=13 (full 2):
 PSYoungGen      total 554496K, used 30555K [0x00000000d6e00000, 0x0000000100000000, 0x0000000100000000)
  eden space 520192K, 0% used [0x00000000d6e00000,0x00000000d6e00000,0x00000000f6a00000)
  from space 34304K, 89% used [0x00000000f6a00000,0x00000000f87d6fc8,0x00000000f8b80000)
  to   space 38400K, 0% used [0x00000000fda80000,0x00000000fda80000,0x0000000100000000)
 ParOldGen       total 74240K, used 61578K [0x0000000084a00000, 0x0000000089280000, 0x00000000d6e00000)
  object space 74240K, 82% used [0x0000000084a00000,0x0000000088622a70,0x0000000089280000)
 Metaspace       used 58108K, capacity 58612K, committed 59096K, reserved 1101824K
  class space    used 7180K, capacity 7302K, committed 7384K, reserved 1048576K
}
Event: 1136.921 GC heap before
{Heap before GC invocations=14 (full 3):
 PSYoungGen      total 554496K, used 30555K [0x00000000d6e00000, 0x0000000100000000, 0x0000000100000000)
  eden space 520192K, 0% used [0x00000000d6e00000,0x00000000d6e00000,0x00000000f6a00000)
  from space 34304K, 89% used [0x00000000f6a00000,0x00000000f87d6fc8,0x00000000f8b80000)
  to   space 38400K, 0% used [0x00000000fda80000,0x00000000fda80000,0x0000000100000000)
 ParOldGen       total 74240K, used 61578K [0x0000000084a00000, 0x0000000089280000, 0x00000000d6e00000)
  object space 74240K, 82% used [0x0000000084a00000,0x0000000088622a70,0x0000000089280000)
 Metaspace       used 58108K, capacity 58612K, committed 59096K, reserved 1101824K
  class space    used 7180K, capacity 7302K, committed 7384K, reserved 1048576K
Event: 1137.331 GC heap after
Heap after GC invocations=14 (full 3):
 PSYoungGen      total 554496K, used 0K [0x00000000d6e00000, 0x0000000100000000, 0x0000000100000000)
  eden space 520192K, 0% used [0x00000000d6e00000,0x00000000d6e00000,0x00000000f6a00000)
  from space 34304K, 0% used [0x00000000f6a00000,0x00000000f6a00000,0x00000000f8b80000)
  to   space 38400K, 0% used [0x00000000fda80000,0x00000000fda80000,0x0000000100000000)
 ParOldGen       total 126464K, used 51807K [0x0000000084a00000, 0x000000008c580000, 0x00000000d6e00000)
  object space 126464K, 40% used [0x0000000084a00000,0x0000000087c97c10,0x000000008c580000)
 Metaspace       used 58108K, capacity 58612K, committed 59096K, reserved 1101824K
  class space    used 7180K, capacity 7302K, committed 7384K, reserved 1048576K
}

